\BOOKMARK [1][-]{section.1}{Einleitung}{}% 1
\BOOKMARK [1][-]{section.2}{Grundlagen}{}% 2
\BOOKMARK [2][-]{subsection.2.1}{Modellauto}{section.2}% 3
\BOOKMARK [2][-]{subsection.2.2}{OpenCV}{section.2}% 4
\BOOKMARK [2][-]{subsection.2.3}{ROS - Robot Operating System}{section.2}% 5
\BOOKMARK [2][-]{subsection.2.4}{PSES Packages}{section.2}% 6
\BOOKMARK [1][-]{section.3}{Organisation}{}% 7
\BOOKMARK [2][-]{subsection.3.1}{Aufgabenverwaltung}{section.3}% 8
\BOOKMARK [2][-]{subsection.3.2}{Versionsverwaltung}{section.3}% 9
\BOOKMARK [1][-]{section.4}{Implementierung}{}% 10
\BOOKMARK [2][-]{subsection.4.1}{Bildverarbeitung und Erkennung von Fahrspuren}{section.4}% 11
\BOOKMARK [2][-]{subsection.4.2}{Erkennung von Kurven und Geraden}{section.4}% 12
\BOOKMARK [2][-]{subsection.4.3}{Erkennung von Hindernissen}{section.4}% 13
\BOOKMARK [2][-]{subsection.4.4}{Kollisionsvermeidung}{section.4}% 14
\BOOKMARK [2][-]{subsection.4.5}{Regelungskonzept und Spurhaltung}{section.4}% 15
\BOOKMARK [2][-]{subsection.4.6}{Implementierung des PD-Reglers}{section.4}% 16
\BOOKMARK [2][-]{subsection.4.7}{Implementierung verschiedener Fahrsituationen}{section.4}% 17
\BOOKMARK [2][-]{subsection.4.8}{Einleitung eines Spurwechsels}{section.4}% 18
\BOOKMARK [2][-]{subsection.4.9}{Fahrmodi und Wettbewerb}{section.4}% 19
\BOOKMARK [3][-]{subsubsection.4.9.1}{Fahrmodus 1: Rundenzeit}{subsection.4.9}% 20
\BOOKMARK [3][-]{subsubsection.4.9.2}{Fahrmodus 2: Hinderniserkennung und Spurwechsel}{subsection.4.9}% 21
\BOOKMARK [1][-]{section.5}{Probleme}{}% 22
\BOOKMARK [2][-]{subsection.5.1}{Kinect - unnat\374rliche Farben}{section.5}% 23
\BOOKMARK [2][-]{subsection.5.2}{Kinect - kleines Sichtfeld}{section.5}% 24
\BOOKMARK [2][-]{subsection.5.3}{Webcam ver\344ndert Belichtung zur Laufzeit}{section.5}% 25
\BOOKMARK [2][-]{subsection.5.4}{Fahrwerk}{section.5}% 26
\BOOKMARK [1][-]{appendix.A}{Erster Anhang}{}% 27
